Using pre-set license

 COMMAND LINE ARGUMENTS:
/Applications/Unity/Hub/Editor/2020.3.6f1/Unity.app/Contents/MacOS/Unity
-adb2
-batchMode
-noUpm
-name
AssetImportWorker0
-projectPath
/Users/gurkanizmirligil/Documents/ProceduralStuff
-logFile
Logs/AssetImportWorker0.log
-srvPort
50508
Successfully changed project path to: /Users/gurkanizmirligil/Documents/ProceduralStuff
/Users/gurkanizmirligil/Documents/ProceduralStuff
Using Asset Import Pipeline V2.
Refreshing native plugins compatible for Editor in 26.63 ms, found 1 plugins.
Preloading 0 native plugins for Editor in 0.00 ms.
Initialize engine version: 2020.3.6f1 (338bb68529b2)
[Subsystems] Discovering subsystems at path /Applications/Unity/Hub/Editor/2020.3.6f1/Unity.app/Contents/Resources/UnitySubsystems
[Subsystems] Discovering subsystems at path /Users/gurkanizmirligil/Documents/ProceduralStuff/Assets
GfxDevice: creating device client; threaded=0
2021-09-24 09:39:47.178 Unity[3226:28744] Color LCD preferred device: AMD Radeon Pro 5500M (high power)
2021-09-24 09:39:47.178 Unity[3226:28744] Metal devices available: 2
2021-09-24 09:39:47.178 Unity[3226:28744] 0: AMD Radeon Pro 5500M (high power)
2021-09-24 09:39:47.178 Unity[3226:28744] 1: Intel(R) UHD Graphics 630 (low power)
2021-09-24 09:39:47.179 Unity[3226:28744] Using device AMD Radeon Pro 5500M (high power)
Initializing Metal device caps: AMD Radeon Pro 5500M
Initialize mono
Mono path[0] = '/Applications/Unity/Hub/Editor/2020.3.6f1/Unity.app/Contents/Managed'
Mono path[1] = '/Applications/Unity/Hub/Editor/2020.3.6f1/Unity.app/Contents/MonoBleedingEdge/lib/mono/unityjit'
Mono config path = '/Applications/Unity/Hub/Editor/2020.3.6f1/Unity.app/Contents/MonoBleedingEdge/etc'
Using monoOptions --debugger-agent=transport=dt_socket,embedding=1,server=y,suspend=n,address=127.0.0.1:56226
Begin MonoManager ReloadAssembly
Registering precompiled unity dll's ...
Register platform support module: /Applications/Unity/Hub/Editor/2020.3.6f1/Unity.app/Contents/PlaybackEngines/MacStandaloneSupport/UnityEditor.OSXStandalone.Extensions.dll
Registered in 0.000480 seconds.
Native extension for OSXStandalone target not found
Refreshing native plugins compatible for Editor in 23.64 ms, found 1 plugins.
Preloading 0 native plugins for Editor in 0.00 ms.
Mono: successfully reloaded assembly
- Completed reload, in  2.424 seconds
Platform modules already initialized, skipping
Registering precompiled user dll's ...
Registered in 0.000280 seconds.
Begin MonoManager ReloadAssembly
Native extension for OSXStandalone target not found
Refreshing native plugins compatible for Editor in 0.22 ms, found 1 plugins.
Preloading 0 native plugins for Editor in 0.00 ms.
Mono: successfully reloaded assembly
- Completed reload, in  0.873 seconds
Platform modules already initialized, skipping
========================================================================
Worker process is ready to serve import requests
Launching external process: /Applications/Unity/Hub/Editor/2020.3.6f1/Unity.app/Contents/Tools/UnityShaderCompiler
Launched and connected shader compiler UnityShaderCompiler after 0.01 seconds
Refreshing native plugins compatible for Editor in 0.48 ms, found 1 plugins.
Preloading 0 native plugins for Editor in 0.00 ms.
Unloading 1255 Unused Serialized files (Serialized files now loaded: 0)
System memory in use before: 159.9 MB.
System memory in use after: 157.4 MB.

Unloading 18 unused Assets to reduce memory usage. Loaded Objects now: 1690.
Total: 3.537372 ms (FindLiveObjects: 0.153058 ms CreateObjectMapping: 0.037105 ms MarkObjects: 1.790892 ms  DeleteObjects: 1.555342 ms)

========================================================================
Received Import Request.
  path: Assets/Ground.mat
  artifactKey: Guid(e05e86b2045ba5642b65ff95cdf39b9f) Importer(815301076,1909f56bfc062723c751e8b465ee728b)
Start importing Assets/Ground.mat using Guid(e05e86b2045ba5642b65ff95cdf39b9f) Importer(815301076,1909f56bfc062723c751e8b465ee728b)  -> (artifact id: 'cd96d7831a26ee925a4900a27fce23b3') in 0.445551 seconds
  Import took 0.447692 seconds .

========================================================================
Received Import Request.
  Time since last request: 0.000223 seconds.
  path: Assets/Cuber.mat
  artifactKey: Guid(1a5a10c5141a2a24a95fe28aef1ac45e) Importer(815301076,1909f56bfc062723c751e8b465ee728b)
Start importing Assets/Cuber.mat using Guid(1a5a10c5141a2a24a95fe28aef1ac45e) Importer(815301076,1909f56bfc062723c751e8b465ee728b)  -> (artifact id: '5822d4652f430eb00dcf93532005398a') in 0.011937 seconds
  Import took 0.014395 seconds .

========================================================================
Received Import Request.
  Time since last request: 9.492897 seconds.
  path: Assets/Scenes/Level1.unity
  artifactKey: Guid(a99b03d73ba2f6c4cb28056c1bce3203) Importer(815301076,1909f56bfc062723c751e8b465ee728b)
Start importing Assets/Scenes/Level1.unity using Guid(a99b03d73ba2f6c4cb28056c1bce3203) Importer(815301076,1909f56bfc062723c751e8b465ee728b)  -> (artifact id: 'd2d97fef2ac2e44671bc3cf9b504cf39') in 0.001147 seconds
  Import took 0.003320 seconds .

========================================================================
Received Import Request.
  Time since last request: 0.014389 seconds.
  path: Assets/Scenes/Level1.unity
  artifactKey: Guid(a99b03d73ba2f6c4cb28056c1bce3203) Importer(815301076,1909f56bfc062723c751e8b465ee728b)
Start importing Assets/Scenes/Level1.unity using Guid(a99b03d73ba2f6c4cb28056c1bce3203) Importer(815301076,1909f56bfc062723c751e8b465ee728b)  -> (artifact id: 'd2d97fef2ac2e44671bc3cf9b504cf39') in 0.000987 seconds
  Import took 0.002752 seconds .

========================================================================
Received Prepare
Registering precompiled user dll's ...
Registered in 0.000753 seconds.
Begin MonoManager ReloadAssembly
Native extension for OSXStandalone target not found
Refreshing native plugins compatible for Editor in 0.23 ms, found 1 plugins.
Preloading 0 native plugins for Editor in 0.00 ms.
Mono: successfully reloaded assembly
- Completed reload, in  0.861 seconds
Platform modules already initialized, skipping
Refreshing native plugins compatible for Editor in 0.22 ms, found 1 plugins.
Preloading 0 native plugins for Editor in 0.00 ms.
Unloading 1178 Unused Serialized files (Serialized files now loaded: 0)
System memory in use before: 160.9 MB.
System memory in use after: 158.4 MB.

Unloading 14 unused Assets to reduce memory usage. Loaded Objects now: 1733.
Total: 2.695308 ms (FindLiveObjects: 0.199957 ms CreateObjectMapping: 0.033306 ms MarkObjects: 1.124204 ms  DeleteObjects: 1.337008 ms)

========================================================================
Received Prepare
Registering precompiled user dll's ...
Registered in 0.000314 seconds.
Begin MonoManager ReloadAssembly
Native extension for OSXStandalone target not found
Refreshing native plugins compatible for Editor in 0.23 ms, found 1 plugins.
Preloading 0 native plugins for Editor in 0.00 ms.
Mono: successfully reloaded assembly
- Completed reload, in  0.797 seconds
Platform modules already initialized, skipping
Refreshing native plugins compatible for Editor in 0.24 ms, found 1 plugins.
Preloading 0 native plugins for Editor in 0.00 ms.
Unloading 1178 Unused Serialized files (Serialized files now loaded: 0)
System memory in use before: 161.1 MB.
System memory in use after: 158.7 MB.

Unloading 13 unused Assets to reduce memory usage. Loaded Objects now: 1736.
Total: 3.260070 ms (FindLiveObjects: 0.169307 ms CreateObjectMapping: 0.042350 ms MarkObjects: 1.422173 ms  DeleteObjects: 1.625262 ms)

========================================================================
Received Prepare
Registering precompiled user dll's ...
Registered in 0.000257 seconds.
Begin MonoManager ReloadAssembly
Native extension for OSXStandalone target not found
Refreshing native plugins compatible for Editor in 0.23 ms, found 1 plugins.
Preloading 0 native plugins for Editor in 0.00 ms.
Mono: successfully reloaded assembly
- Completed reload, in  0.780 seconds
Platform modules already initialized, skipping
Refreshing native plugins compatible for Editor in 0.23 ms, found 1 plugins.
Preloading 0 native plugins for Editor in 0.00 ms.
Unloading 1178 Unused Serialized files (Serialized files now loaded: 0)
System memory in use before: 161.3 MB.
System memory in use after: 158.8 MB.

Unloading 13 unused Assets to reduce memory usage. Loaded Objects now: 1739.
Total: 3.392663 ms (FindLiveObjects: 0.154970 ms CreateObjectMapping: 0.041565 ms MarkObjects: 1.392589 ms  DeleteObjects: 1.802558 ms)

========================================================================
Received Prepare
Registering precompiled user dll's ...
Registered in 0.000282 seconds.
Begin MonoManager ReloadAssembly
Native extension for OSXStandalone target not found
Refreshing native plugins compatible for Editor in 0.23 ms, found 1 plugins.
Preloading 0 native plugins for Editor in 0.00 ms.
Mono: successfully reloaded assembly
- Completed reload, in  0.822 seconds
Platform modules already initialized, skipping
Refreshing native plugins compatible for Editor in 0.23 ms, found 1 plugins.
Preloading 0 native plugins for Editor in 0.00 ms.
Unloading 1178 Unused Serialized files (Serialized files now loaded: 0)
System memory in use before: 161.5 MB.
System memory in use after: 159.0 MB.

Unloading 13 unused Assets to reduce memory usage. Loaded Objects now: 1742.
Total: 4.625882 ms (FindLiveObjects: 0.245055 ms CreateObjectMapping: 0.071392 ms MarkObjects: 2.017537 ms  DeleteObjects: 2.289222 ms)

========================================================================
Received Prepare
Registering precompiled user dll's ...
Registered in 0.000344 seconds.
Begin MonoManager ReloadAssembly
Native extension for OSXStandalone target not found
Refreshing native plugins compatible for Editor in 0.23 ms, found 1 plugins.
Preloading 0 native plugins for Editor in 0.00 ms.
Mono: successfully reloaded assembly
- Completed reload, in  0.774 seconds
Platform modules already initialized, skipping
Refreshing native plugins compatible for Editor in 0.23 ms, found 1 plugins.
Preloading 0 native plugins for Editor in 0.00 ms.
Unloading 1178 Unused Serialized files (Serialized files now loaded: 0)
System memory in use before: 161.7 MB.
System memory in use after: 159.2 MB.

Unloading 13 unused Assets to reduce memory usage. Loaded Objects now: 1745.
Total: 3.452267 ms (FindLiveObjects: 0.160980 ms CreateObjectMapping: 0.040223 ms MarkObjects: 1.470592 ms  DeleteObjects: 1.779411 ms)

