Using pre-set license
Built from '2020.3/staging' branch; Version is '2020.3.6f1 (338bb68529b2) revision 3378102'; Using compiler version '192528614'; Build Type 'Release'
OS: 'Windows 10 Home; OS build 19042.1237; Version 2009; 64bit' Language: 'en' Physical Memory: 16318 MB
BatchMode: 1, IsHumanControllingUs: 0, StartBugReporterOnCrash: 0, Is64bit: 1, IsPro: 0

 COMMAND LINE ARGUMENTS:
E:\UnityEditors\2020.3.6f1\Editor\Unity.exe
-adb2
-batchMode
-noUpm
-name
AssetImportWorker1
-projectPath
E:/UnityProjects/TestingStuff
-logFile
Logs/AssetImportWorker1.log
-srvPort
62521
Successfully changed project path to: E:/UnityProjects/TestingStuff
E:/UnityProjects/TestingStuff
Using Asset Import Pipeline V2.
Refreshing native plugins compatible for Editor in 24.79 ms, found 0 plugins.
Preloading 0 native plugins for Editor in 0.00 ms.
Initialize engine version: 2020.3.6f1 (338bb68529b2)
[Subsystems] Discovering subsystems at path E:/UnityEditors/2020.3.6f1/Editor/Data/Resources/UnitySubsystems
[Subsystems] Discovering subsystems at path E:/UnityProjects/TestingStuff/Assets
GfxDevice: creating device client; threaded=0
Direct3D:
    Version:  Direct3D 11.0 [level 11.1]
    Renderer: Radeon RX 570 Series (ID=0x67df)
    Vendor:   
    VRAM:     4075 MB
    Driver:   27.20.15003.5017
Initialize mono
Mono path[0] = 'E:/UnityEditors/2020.3.6f1/Editor/Data/Managed'
Mono path[1] = 'E:/UnityEditors/2020.3.6f1/Editor/Data/MonoBleedingEdge/lib/mono/unityjit'
Mono config path = 'E:/UnityEditors/2020.3.6f1/Editor/Data/MonoBleedingEdge/etc'
Using monoOptions --debugger-agent=transport=dt_socket,embedding=1,server=y,suspend=n,address=127.0.0.1:56172
Begin MonoManager ReloadAssembly
Registering precompiled unity dll's ...
Register platform support module: E:/UnityEditors/2020.3.6f1/Editor/Data/PlaybackEngines/WindowsStandaloneSupport/UnityEditor.WindowsStandalone.Extensions.dll
Registered in 0.000976 seconds.
Native extension for WindowsStandalone target not found
Refreshing native plugins compatible for Editor in 25.78 ms, found 0 plugins.
Preloading 0 native plugins for Editor in 0.00 ms.
Mono: successfully reloaded assembly
- Completed reload, in  0.963 seconds
Platform modules already initialized, skipping
Registering precompiled user dll's ...
Registered in 0.000654 seconds.
Begin MonoManager ReloadAssembly
Native extension for WindowsStandalone target not found
Refreshing native plugins compatible for Editor in 0.27 ms, found 0 plugins.
Preloading 0 native plugins for Editor in 0.00 ms.
Mono: successfully reloaded assembly
- Completed reload, in  0.682 seconds
Platform modules already initialized, skipping
========================================================================
Worker process is ready to serve import requests
Launched and connected shader compiler UnityShaderCompiler.exe after 0.04 seconds
Refreshing native plugins compatible for Editor in 0.27 ms, found 0 plugins.
Preloading 0 native plugins for Editor in 0.00 ms.
Unloading 1253 Unused Serialized files (Serialized files now loaded: 0)
System memory in use before: 96.8 MB.
System memory in use after: 92.3 MB.

Unloading 23 unused Assets to reduce memory usage. Loaded Objects now: 1683.
Total: 3.145800 ms (FindLiveObjects: 0.183800 ms CreateObjectMapping: 0.036000 ms MarkObjects: 1.285100 ms  DeleteObjects: 1.639900 ms)

========================================================================
Received Import Request.
  path: Assets/Ground.mat
  artifactKey: Guid(e05e86b2045ba5642b65ff95cdf39b9f) Importer(815301076,1909f56bfc062723c751e8b465ee728b)
Start importing Assets/Ground.mat using Guid(e05e86b2045ba5642b65ff95cdf39b9f) Importer(815301076,1909f56bfc062723c751e8b465ee728b)  -> (artifact id: '4c8585aa334e47bb4adc055e40889e77') in 0.099746 seconds
  Import took 0.101689 seconds .

========================================================================
Received Import Request.
  Time since last request: 0.000187 seconds.
  path: Assets/Cuber.mat
  artifactKey: Guid(1a5a10c5141a2a24a95fe28aef1ac45e) Importer(815301076,1909f56bfc062723c751e8b465ee728b)
Start importing Assets/Cuber.mat using Guid(1a5a10c5141a2a24a95fe28aef1ac45e) Importer(815301076,1909f56bfc062723c751e8b465ee728b)  -> (artifact id: 'd42b6005e15eb425a83cf47eb5dcb909') in 0.012218 seconds
  Import took 0.014586 seconds .

AssetImportWorkerClient::OnTransportError - code=2 error=End of file
